<?xml version="1.0" encoding="UTF-8"?>
<!-- Generated by org.testng.reporters.JUnitReportReporter -->
<testsuite skipped="0" hostname="dell" name="TestScripts.ServiceAppointmentScript" tests="1" failures="0" timestamp="29 Sep 2022 10:50:44 GMT" time="70.768" errors="0">
  <testcase name="createAccountTest" time="70.768" classname="TestScripts.ServiceAppointmentScript"/>
</testsuite> <!-- TestScripts.ServiceAppointmentScript -->
