<?xml version="1.0" encoding="UTF-8"?>
<!-- Generated by org.testng.reporters.JUnitReportReporter -->
<testsuite skipped="0" hostname="dell" name="TestScripts.OrdersTest" tests="1" failures="0" timestamp="30 Sep 2022 05:06:38 GMT" time="48.003" errors="0">
  <testcase name="createAccountTest" time="48.003" classname="TestScripts.OrdersTest"/>
</testsuite> <!-- TestScripts.OrdersTest -->
