<?xml version="1.0" encoding="UTF-8"?>
<!-- Generated by org.testng.reporters.JUnitReportReporter -->
<testsuite skipped="0" hostname="dell" name="TestScripts.ContractsTest" tests="1" failures="0" timestamp="29 Sep 2022 10:54:00 GMT" time="48.844" errors="0">
  <testcase name="createAccountTest" time="48.844" classname="TestScripts.ContractsTest"/>
</testsuite> <!-- TestScripts.ContractsTest -->
